0 info it worked if it ends with ok
1 verbose cli [ 'node', '/home/user/.nvm/v0.10.40/bin/npm', 'i' ]
2 info using npm@3.10.6
3 info using node@v0.10.40
4 silly loadCurrentTree Starting
5 silly install loadCurrentTree
6 silly install readLocalPackageData
7 silly install normalizeTree
8 silly loadCurrentTree Finishing
9 silly loadIdealTree Starting
10 silly install loadIdealTree
11 silly cloneCurrentTree Starting
12 silly install cloneCurrentTreeToIdealTree
13 silly cloneCurrentTree Finishing
14 silly loadShrinkwrap Starting
15 silly install loadShrinkwrap
16 silly loadShrinkwrap Finishing
17 silly loadAllDepsIntoIdealTree Starting
18 silly install loadAllDepsIntoIdealTree
19 silly fetchOtherPackageData fsevents@github:pipobscure/fsevents#7dcdf9fa3f8956610fd6f69f72c67bace2de7138
20 silly cache add args [ 'fsevents@github:pipobscure/fsevents#7dcdf9fa3f8956610fd6f69f72c67bace2de7138',
20 silly cache add   null ]
21 verbose cache add spec fsevents@github:pipobscure/fsevents#7dcdf9fa3f8956610fd6f69f72c67bace2de7138
22 silly cache add parsed spec { raw: 'fsevents@github:pipobscure/fsevents#7dcdf9fa3f8956610fd6f69f72c67bace2de7138',
22 silly cache add   scope: null,
22 silly cache add   escapedName: 'fsevents',
22 silly cache add   name: 'fsevents',
22 silly cache add   rawSpec: 'github:pipobscure/fsevents#7dcdf9fa3f8956610fd6f69f72c67bace2de7138',
22 silly cache add   spec: 'github:pipobscure/fsevents#7dcdf9fa3f8956610fd6f69f72c67bace2de7138',
22 silly cache add   type: 'hosted',
22 silly cache add   hosted:
22 silly cache add    { type: 'github',
22 silly cache add      ssh: 'git@github.com:pipobscure/fsevents.git#7dcdf9fa3f8956610fd6f69f72c67bace2de7138',
22 silly cache add      sshUrl: 'git+ssh://git@github.com/pipobscure/fsevents.git#7dcdf9fa3f8956610fd6f69f72c67bace2de7138',
22 silly cache add      httpsUrl: 'git+https://github.com/pipobscure/fsevents.git#7dcdf9fa3f8956610fd6f69f72c67bace2de7138',
22 silly cache add      gitUrl: 'git://github.com/pipobscure/fsevents.git#7dcdf9fa3f8956610fd6f69f72c67bace2de7138',
22 silly cache add      shortcut: 'github:pipobscure/fsevents#7dcdf9fa3f8956610fd6f69f72c67bace2de7138',
22 silly cache add      directUrl: 'https://raw.githubusercontent.com/pipobscure/fsevents/7dcdf9fa3f8956610fd6f69f72c67bace2de7138/package.json' } }
23 verbose addRemoteGit caching github:pipobscure/fsevents#7dcdf9fa3f8956610fd6f69f72c67bace2de7138
24 verbose addRemoteGit pipobscure/fsevents#7dcdf9fa3f8956610fd6f69f72c67bace2de7138 is a repository hosted by github
25 silly tryGitProto attempting to clone git://github.com/pipobscure/fsevents.git#7dcdf9fa3f8956610fd6f69f72c67bace2de7138
26 silly tryClone cloning pipobscure/fsevents#7dcdf9fa3f8956610fd6f69f72c67bace2de7138 via git://github.com/pipobscure/fsevents.git#7dcdf9fa3f8956610fd6f69f72c67bace2de7138
27 verbose tryClone git-github-com-pipobscure-fsevents-git-7dcdf9fa3f8956610fd6f69f72c67bace2de7138-40e7e494 not in flight; caching
28 verbose correctMkdir /home/user/.npm/_git-remotes correctMkdir not in flight; initializing
29 info git [ 'config', '--get', 'remote.origin.url' ]
30 silly validateExistingRemote pipobscure/fsevents#7dcdf9fa3f8956610fd6f69f72c67bace2de7138 remote.origin.url: git://github.com/pipobscure/fsevents.git
31 verbose validateExistingRemote pipobscure/fsevents#7dcdf9fa3f8956610fd6f69f72c67bace2de7138 is updating existing cached remote /home/user/.npm/_git-remotes/git-github-com-pipobscure-fsevents-git-7dcdf9fa3f8956610fd6f69f72c67bace2de7138-40e7e494
32 info git [ 'fetch', '-a', 'origin' ]
33 verbose updateRemote git fetch -a origin (git://github.com/pipobscure/fsevents.git)
34 verbose correctMkdir /home/user/.npm/_git-remotes correctMkdir not in flight; initializing
35 verbose setPermissions pipobscure/fsevents#7dcdf9fa3f8956610fd6f69f72c67bace2de7138 set permissions on /home/user/.npm/_git-remotes/git-github-com-pipobscure-fsevents-git-7dcdf9fa3f8956610fd6f69f72c67bace2de7138-40e7e494
36 verbose resolveHead pipobscure/fsevents#7dcdf9fa3f8956610fd6f69f72c67bace2de7138 original treeish: 7dcdf9fa3f8956610fd6f69f72c67bace2de7138
37 info git [ 'rev-list', '-n1', '7dcdf9fa3f8956610fd6f69f72c67bace2de7138' ]
38 silly resolveHead pipobscure/fsevents#7dcdf9fa3f8956610fd6f69f72c67bace2de7138 resolved treeish: 7dcdf9fa3f8956610fd6f69f72c67bace2de7138
39 verbose resolveHead pipobscure/fsevents#7dcdf9fa3f8956610fd6f69f72c67bace2de7138 resolved Git URL: git://github.com/pipobscure/fsevents.git#7dcdf9fa3f8956610fd6f69f72c67bace2de7138
40 silly resolveHead Git working directory: /tmp/npm-12560-ac83ca88/git-cache-2105238e/7dcdf9fa3f8956610fd6f69f72c67bace2de7138
41 info git [ 'clone',
41 info git   '/home/user/.npm/_git-remotes/git-github-com-pipobscure-fsevents-git-7dcdf9fa3f8956610fd6f69f72c67bace2de7138-40e7e494',
41 info git   '/tmp/npm-12560-ac83ca88/git-cache-2105238e/7dcdf9fa3f8956610fd6f69f72c67bace2de7138' ]
42 verbose cloneResolved pipobscure/fsevents#7dcdf9fa3f8956610fd6f69f72c67bace2de7138 clone Cloning into '/tmp/npm-12560-ac83ca88/git-cache-2105238e/7dcdf9fa3f8956610fd6f69f72c67bace2de7138'...
42 verbose cloneResolved done.
43 info git [ 'checkout', '7dcdf9fa3f8956610fd6f69f72c67bace2de7138' ]
44 verbose checkoutTreeish pipobscure/fsevents#7dcdf9fa3f8956610fd6f69f72c67bace2de7138 checkout Note: checking out '7dcdf9fa3f8956610fd6f69f72c67bace2de7138'.
44 verbose checkoutTreeish
44 verbose checkoutTreeish You are in 'detached HEAD' state. You can look around, make experimental
44 verbose checkoutTreeish changes and commit them, and you can discard any commits you make in this
44 verbose checkoutTreeish state without impacting any branches by performing another checkout.
44 verbose checkoutTreeish
44 verbose checkoutTreeish If you want to create a new branch to retain commits you create, you may
44 verbose checkoutTreeish do so (now or later) by using -b with the checkout command again. Example:
44 verbose checkoutTreeish
44 verbose checkoutTreeish   git checkout -b new_branch_name
44 verbose checkoutTreeish
44 verbose checkoutTreeish HEAD is now at 7dcdf9f... Caught a timing problem
45 info git [ 'submodule', '-q', 'update', '--init', '--recursive' ]
46 verbose updateSubmodules pipobscure/fsevents#7dcdf9fa3f8956610fd6f69f72c67bace2de7138 submodule update
47 verbose addLocalDirectory /home/user/.npm/fsevents/0.2.1/package.tgz not in flight; packing
48 verbose correctMkdir /home/user/.npm correctMkdir not in flight; initializing
49 verbose tar pack [ '/home/user/.npm/fsevents/0.2.1/package.tgz',
49 verbose tar pack   '/tmp/npm-12560-ac83ca88/git-cache-2105238e/7dcdf9fa3f8956610fd6f69f72c67bace2de7138' ]
50 verbose tarball /home/user/.npm/fsevents/0.2.1/package.tgz
51 verbose folder /tmp/npm-12560-ac83ca88/git-cache-2105238e/7dcdf9fa3f8956610fd6f69f72c67bace2de7138
52 verbose addLocalTarball adding from inside cache /home/user/.npm/fsevents/0.2.1/package.tgz
53 verbose correctMkdir /home/user/.npm correctMkdir not in flight; initializing
54 verbose addRemoteGit data._from: pipobscure/fsevents#7dcdf9fa3f8956610fd6f69f72c67bace2de7138
55 verbose addRemoteGit data._resolved: git://github.com/pipobscure/fsevents.git#7dcdf9fa3f8956610fd6f69f72c67bace2de7138
56 silly cache afterAdd fsevents@0.2.1
57 verbose afterAdd /home/user/.npm/fsevents/0.2.1/package/package.json not in flight; writing
58 verbose correctMkdir /home/user/.npm correctMkdir not in flight; initializing
59 verbose afterAdd /home/user/.npm/fsevents/0.2.1/package/package.json written
60 silly resolveWithNewModule fsevents@0.2.1 checking installable status
61 silly loadAllDepsIntoIdealTree Finishing
62 silly loadIdealTree Finishing
63 silly currentTree bitcore@0.1.41
63 silly currentTree ├── Base64@0.2.1
63 silly currentTree ├── JSONStream@0.7.4
63 silly currentTree ├── abbrev@1.1.0
63 silly currentTree ├─┬ accepts@1.0.7
63 silly currentTree │ └── mime-types@1.0.2
63 silly currentTree ├── acorn@4.0.13
63 silly currentTree ├── amdefine@1.0.1
63 silly currentTree ├── ansi-regex@2.1.1
63 silly currentTree ├── ansi-styles@2.2.1
63 silly currentTree ├── aproba@1.1.2
63 silly currentTree ├── archy@1.0.0
63 silly currentTree ├─┬ are-we-there-yet@1.1.4
63 silly currentTree │ ├── isarray@1.0.0
63 silly currentTree │ ├── readable-stream@2.3.2
63 silly currentTree │ └── string_decoder@1.0.3
63 silly currentTree ├── argparse@1.0.9
63 silly currentTree ├── arr-diff@2.0.0
63 silly currentTree ├── arr-flatten@1.0.3
63 silly currentTree ├── array-differ@1.0.0
63 silly currentTree ├── array-each@1.0.1
63 silly currentTree ├── array-find-index@1.0.2
63 silly currentTree ├── array-slice@1.0.0
63 silly currentTree ├── array-uniq@1.0.3
63 silly currentTree ├── array-unique@0.2.1
63 silly currentTree ├── ascli@1.0.1
63 silly currentTree ├─┬ asn1.js@0.4.1
63 silly currentTree │ └── bn.js@0.13.3
63 silly currentTree ├── asn1@0.2.3
63 silly currentTree ├── assert-plus@0.2.0
63 silly currentTree ├── assert@1.1.2
63 silly currentTree ├── assertion-error@1.0.0
63 silly currentTree ├── astw@2.2.0
63 silly currentTree ├── async@0.2.10
63 silly currentTree ├── asynckit@0.4.0
63 silly currentTree ├── aws-sign2@0.6.0
63 silly currentTree ├── aws4@1.6.0
63 silly currentTree ├── balanced-match@1.0.0
63 silly currentTree ├── base64-js@0.0.8
63 silly currentTree ├── bcrypt-pbkdf@1.0.1
63 silly currentTree ├── beeper@1.1.1
63 silly currentTree ├── bignum@0.11.0
63 silly currentTree ├── binary@0.3.0
63 silly currentTree ├── bindings@1.1.1
63 silly currentTree ├─┬ bl@1.2.1
63 silly currentTree │ ├── isarray@1.0.0
63 silly currentTree │ ├── readable-stream@2.3.2
63 silly currentTree │ └── string_decoder@1.0.3
63 silly currentTree ├── bn.js@1.0.0
63 silly currentTree ├── boom@2.10.1
63 silly currentTree ├── brace-expansion@1.1.8
63 silly currentTree ├── braces@1.8.5
63 silly currentTree ├── brfs@1.0.0
63 silly currentTree ├── brorand@1.1.0
63 silly currentTree ├─┬ browser-pack@2.0.1
63 silly currentTree │ ├─┬ JSONStream@0.6.4
63 silly currentTree │ │ └── through@2.2.7
63 silly currentTree │ └── through@2.3.8
63 silly currentTree ├── browser-resolve@1.2.4
63 silly currentTree ├── browser-stdout@1.3.0
63 silly currentTree ├── browserify-buffertools@1.0.2
63 silly currentTree ├── browserify-zlib@0.1.4
63 silly currentTree ├─┬ browserify@3.40.0
63 silly currentTree │ ├── crypto-browserify@1.0.9
63 silly currentTree │ ├── glob@3.2.11
63 silly currentTree │ └── minimatch@0.3.0
63 silly currentTree ├── buffer-crc32@0.2.3
63 silly currentTree ├── buffer@2.1.13
63 silly currentTree ├── bufferput@0.1.3
63 silly currentTree ├── buffers@0.1.1
63 silly currentTree ├── buffertools@2.1.3
63 silly currentTree ├─┬ bufferutil@3.0.1
63 silly currentTree │ └── bindings@1.2.1
63 silly currentTree ├── bufferview@1.0.1
63 silly currentTree ├── builtin-modules@1.1.1
63 silly currentTree ├── builtins@0.0.7
63 silly currentTree ├── bytebuffer@3.1.1
63 silly currentTree ├── callsite@1.0.0
63 silly currentTree ├─┬ camelcase-keys@2.1.0
63 silly currentTree │ └── camelcase@2.1.1
63 silly currentTree ├── camelcase@1.2.1
63 silly currentTree ├── caseless@0.11.0
63 silly currentTree ├── chai@1.9.1
63 silly currentTree ├── chainsaw@0.1.0
63 silly currentTree ├── chalk@1.1.3
63 silly currentTree ├── chokidar@0.8.4
63 silly currentTree ├── chownr@1.0.1
63 silly currentTree ├── cli@0.4.5
63 silly currentTree ├── cliff@0.1.10
63 silly currentTree ├── clone-stats@0.0.1
63 silly currentTree ├── clone@1.0.2
63 silly currentTree ├── code-point-at@1.1.0
63 silly currentTree ├── colors@1.0.3
63 silly currentTree ├── colour@0.7.1
63 silly currentTree ├─┬ combine-source-map@0.3.0
63 silly currentTree │ └── source-map@0.1.43
63 silly currentTree ├── combined-stream@1.0.5
63 silly currentTree ├── commander@2.2.0
63 silly currentTree ├── commondir@0.0.1
63 silly currentTree ├── concat-map@0.0.1
63 silly currentTree ├── concat-stream@1.4.10
63 silly currentTree ├── console-browserify@1.0.3
63 silly currentTree ├── console-control-strings@1.1.0
63 silly currentTree ├── constants-browserify@0.0.1
63 silly currentTree ├── convert-source-map@0.3.5
63 silly currentTree ├── cookie-signature@1.0.4
63 silly currentTree ├── cookie@0.1.2
63 silly currentTree ├── core-util-is@1.0.2
63 silly currentTree ├─┬ coveralls@2.13.1
63 silly currentTree │ ├── minimist@1.2.0
63 silly currentTree │ └── request@2.79.0
63 silly currentTree ├── cryptiles@2.0.5
63 silly currentTree ├── crypto-browserify@1.0.9-D
63 silly currentTree ├── crypto-js@1.0.0
63 silly currentTree ├── ctype@0.5.3
63 silly currentTree ├── currently-unhandled@0.4.1
63 silly currentTree ├── cycle@1.0.3
63 silly currentTree ├─┬ dashdash@1.14.1
63 silly currentTree │ └── assert-plus@1.0.0
63 silly currentTree ├── dateformat@2.0.0
63 silly currentTree ├── debug@1.0.3
63 silly currentTree ├── decamelize@1.2.0
63 silly currentTree ├── deep-eql@0.1.3
63 silly currentTree ├── deep-equal@0.1.2
63 silly currentTree ├── deep-extend@0.4.2
63 silly currentTree ├── defaults@1.0.3
63 silly currentTree ├── define-properties@1.1.2
63 silly currentTree ├── defined@0.0.0
63 silly currentTree ├── delayed-stream@1.0.0
63 silly currentTree ├── delegates@1.0.0
63 silly currentTree ├── depd@0.3.0
63 silly currentTree ├── deprecated@0.0.1
63 silly currentTree ├─┬ deps-sort@0.1.2
63 silly currentTree │ ├─┬ JSONStream@0.6.4
63 silly currentTree │ │ └── through@2.2.7
63 silly currentTree │ └── through@2.3.8
63 silly currentTree ├─┬ derequire@0.8.0
63 silly currentTree │ ├── esprima-fb@3001.1.0-dev-harmony-fb
63 silly currentTree │ └── estraverse@1.5.1
63 silly currentTree ├── detect-file@0.1.0
63 silly currentTree ├─┬ detective@3.1.0
63 silly currentTree │ ├── escodegen@1.1.0
63 silly currentTree │ ├── esprima-fb@3001.1.0-dev-harmony-fb
63 silly currentTree │ ├── estraverse@1.5.1
63 silly currentTree │ └── source-map@0.1.43
63 silly currentTree ├── diff@1.0.7
63 silly currentTree ├── domain-browser@1.1.7
63 silly currentTree ├── duplexer2@0.0.2
63 silly currentTree ├── duplexer@0.1.1
63 silly currentTree ├── ecc-jsbn@0.1.1
63 silly currentTree ├── ee-first@1.0.3
63 silly currentTree ├─┬ elliptic@1.0.0
63 silly currentTree │ └── hash.js@1.1.1
63 silly currentTree ├─┬ end-of-stream@0.1.5
63 silly currentTree │ └── once@1.3.3
63 silly currentTree ├── error-ex@1.3.1
63 silly currentTree ├── es-abstract@1.7.0
63 silly currentTree ├── es-to-primitive@1.1.1
63 silly currentTree ├── escape-html@1.0.1
63 silly currentTree ├── escape-string-regexp@1.0.5
63 silly currentTree ├── escodegen@0.0.17
63 silly currentTree ├── escope@0.0.16
63 silly currentTree ├── esprima@1.0.4
63 silly currentTree ├── esrefactor@0.1.0
63 silly currentTree ├── estraverse@0.0.4
63 silly currentTree ├── esutils@1.0.0
63 silly currentTree ├─┬ event-stream@3.1.7
63 silly currentTree │ └── through@2.3.8
63 silly currentTree ├── events@1.0.2
63 silly currentTree ├── expand-brackets@0.1.5
63 silly currentTree ├── expand-range@1.8.2
63 silly currentTree ├── expand-template@1.0.3
63 silly currentTree ├── expand-tilde@1.2.2
63 silly currentTree ├── expect@1.20.2
63 silly currentTree ├─┬ express@4.6.1
63 silly currentTree │ └── qs@0.6.6
63 silly currentTree ├── extend@3.0.1
63 silly currentTree ├── extglob@0.3.2
63 silly currentTree ├── extsprintf@1.0.2
63 silly currentTree ├── eyes@0.1.8
63 silly currentTree ├── falafel@0.1.6
63 silly currentTree ├── fancy-log@1.3.0
63 silly currentTree ├── faye-websocket@0.4.4
63 silly currentTree ├── filename-regex@2.0.1
63 silly currentTree ├─┬ fileset@0.1.8
63 silly currentTree │ ├─┬ glob@3.2.11
63 silly currentTree │ │ └── minimatch@0.3.0
63 silly currentTree │ └── minimatch@0.4.0
63 silly currentTree ├── fill-range@2.2.3
63 silly currentTree ├── finalhandler@0.0.3
63 silly currentTree ├── find-index@0.1.1
63 silly currentTree ├── find-up@1.1.2
63 silly currentTree ├── findup-sync@0.4.3
63 silly currentTree ├─┬ fined@1.1.0
63 silly currentTree │ └── expand-tilde@2.0.2
63 silly currentTree ├── finished@1.2.2
63 silly currentTree ├── first-chunk-stream@1.0.0
63 silly currentTree ├── flagged-respawn@0.3.2
63 silly currentTree ├── for-in@1.0.2
63 silly currentTree ├── for-own@0.1.5
63 silly currentTree ├── foreach@2.0.5
63 silly currentTree ├── forever-agent@0.6.1
63 silly currentTree ├── form-data@2.1.4
63 silly currentTree ├── formatio@1.1.1
63 silly currentTree ├── fresh@0.2.2
63 silly currentTree ├── from@0.1.7
63 silly currentTree ├── fs-exists-sync@0.1.0
63 silly currentTree ├── fs.realpath@1.0.0
63 silly currentTree ├── function-bind@1.1.0
63 silly currentTree ├─┬ gauge@2.7.4
63 silly currentTree │ └── object-assign@4.1.1
63 silly currentTree ├── gaze@0.4.3
63 silly currentTree ├── generate-function@2.0.0
63 silly currentTree ├── generate-object-property@1.2.0
63 silly currentTree ├── get-stdin@4.0.1
63 silly currentTree ├─┬ getpass@0.1.7
63 silly currentTree │ └── assert-plus@1.0.0
63 silly currentTree ├── github-from-package@0.0.0
63 silly currentTree ├── glob-base@0.3.0
63 silly currentTree ├── glob-parent@2.0.0
63 silly currentTree ├─┬ glob-stream@3.1.18
63 silly currentTree │ ├── glob@4.5.3
63 silly currentTree │ ├── minimatch@2.0.10
63 silly currentTree │ ├── readable-stream@1.0.34
63 silly currentTree │ ├── string_decoder@0.10.31
63 silly currentTree │ ├── through2@0.6.5
63 silly currentTree │ └── xtend@4.0.1
63 silly currentTree ├─┬ glob-watcher@0.0.6
63 silly currentTree │ └── gaze@0.5.2
63 silly currentTree ├── glob2base@0.0.12
63 silly currentTree ├── glob@7.1.2
63 silly currentTree ├── global-modules@0.2.3
63 silly currentTree ├── global-prefix@0.1.5
63 silly currentTree ├─┬ globule@0.1.0
63 silly currentTree │ ├── glob@3.1.21
63 silly currentTree │ ├── inherits@1.0.2
63 silly currentTree │ ├── lodash@1.0.2
63 silly currentTree │ └── minimatch@0.2.14
63 silly currentTree ├── glogg@1.0.0
63 silly currentTree ├── graceful-fs@1.2.3
63 silly currentTree ├── graceful-readlink@1.0.1
63 silly currentTree ├── growl@1.7.0
63 silly currentTree ├─┬ grunt-browserify@2.0.8
63 silly currentTree │ ├── async@0.7.0
63 silly currentTree │ ├── glob@3.2.11
63 silly currentTree │ └── minimatch@0.3.0
63 silly currentTree ├── grunt-contrib-watch@0.5.3
63 silly currentTree ├── grunt-lib-contrib@0.3.1
63 silly currentTree ├─┬ grunt-markdown@0.5.0
63 silly currentTree │ └── lodash@0.9.2
63 silly currentTree ├─┬ grunt-mocha-test@0.8.2
63 silly currentTree │ ├── commander@2.0.0
63 silly currentTree │ ├── glob@3.2.3
63 silly currentTree │ ├── graceful-fs@2.0.3
63 silly currentTree │ ├── minimatch@0.2.14
63 silly currentTree │ └── mocha@1.14.0
63 silly currentTree ├─┬ grunt-shell@0.6.4
63 silly currentTree │ ├── ansi-styles@0.2.0
63 silly currentTree │ └── chalk@0.3.0
63 silly currentTree ├─┬ gulp-concat@2.2.0
63 silly currentTree │ ├── ansi-regex@0.2.1
63 silly currentTree │ ├── ansi-styles@1.1.0
63 silly currentTree │ ├── chalk@0.5.1
63 silly currentTree │ ├── dateformat@1.0.12
63 silly currentTree │ ├── gulp-util@2.2.20
63 silly currentTree │ ├── has-ansi@0.1.0
63 silly currentTree │ ├── lodash._reinterpolate@2.4.1
63 silly currentTree │ ├── lodash.escape@2.4.1
63 silly currentTree │ ├── lodash.keys@2.4.1
63 silly currentTree │ ├── lodash.template@2.4.1
63 silly currentTree │ ├── lodash.templatesettings@2.4.1
63 silly currentTree │ ├── minimist@0.2.0
63 silly currentTree │ ├── readable-stream@1.0.34
63 silly currentTree │ ├── string_decoder@0.10.31
63 silly currentTree │ ├── strip-ansi@0.3.0
63 silly currentTree │ ├── supports-color@0.2.0
63 silly currentTree │ ├── through2@0.5.1
63 silly currentTree │ ├── through@2.3.8
63 silly currentTree │ ├── vinyl@0.2.3
63 silly currentTree │ └── xtend@3.0.0
63 silly currentTree ├─┬ gulp-util@3.0.8
63 silly currentTree │ ├── isarray@1.0.0
63 silly currentTree │ ├── minimist@1.2.0
63 silly currentTree │ ├── readable-stream@2.3.2
63 silly currentTree │ ├── string_decoder@1.0.3
63 silly currentTree │ ├── through2@2.0.3
63 silly currentTree │ └── xtend@4.0.1
63 silly currentTree ├─┬ gulp@3.8.11
63 silly currentTree │ ├── ansi-regex@0.2.1
63 silly currentTree │ ├── ansi-styles@1.1.0
63 silly currentTree │ ├── chalk@0.5.1
63 silly currentTree │ ├── has-ansi@0.1.0
63 silly currentTree │ ├── minimist@1.2.0
63 silly currentTree │ ├── strip-ansi@0.3.0
63 silly currentTree │ └── supports-color@0.2.0
63 silly currentTree ├── gulplog@1.0.0
63 silly currentTree ├─┬ handlebars@1.3.0
63 silly currentTree │ ├── optimist@0.3.7
63 silly currentTree │ ├── source-map@0.1.43
63 silly currentTree │ └── uglify-js@2.3.6
63 silly currentTree ├─┬ har-validator@2.0.6
63 silly currentTree │ └── commander@2.10.0
63 silly currentTree ├── has-ansi@2.0.0
63 silly currentTree ├── has-color@0.1.7
63 silly currentTree ├── has-flag@1.0.0
63 silly currentTree ├── has-gulplog@0.1.0
63 silly currentTree ├── has-unicode@2.0.1
63 silly currentTree ├── has@1.0.1
63 silly currentTree ├── hash.js@0.3.2
63 silly currentTree ├── hawk@3.1.3
63 silly currentTree ├── highlight.js@7.3.0
63 silly currentTree ├── hoek@2.16.3
63 silly currentTree ├── homedir-polyfill@1.0.1
63 silly currentTree ├── hosted-git-info@2.4.2
63 silly currentTree ├── http-browserify@1.3.2
63 silly currentTree ├── http-signature@1.1.1
63 silly currentTree ├── https-browserify@0.0.1
63 silly currentTree ├── ieee754@1.1.8
63 silly currentTree ├── indent-string@2.1.0
63 silly currentTree ├── indexof@0.0.1
63 silly currentTree ├── inflight@1.0.6
63 silly currentTree ├── inherits@2.0.3
63 silly currentTree ├── ini@1.3.4
63 silly currentTree ├─┬ inline-source-map@0.3.1
63 silly currentTree │ └── source-map@0.3.0
63 silly currentTree ├─┬ insert-module-globals@5.0.1
63 silly currentTree │ └── through@2.3.8
63 silly currentTree ├── interpret@0.3.10
63 silly currentTree ├── ipaddr.js@0.1.2
63 silly currentTree ├── ipv6@3.1.3
63 silly currentTree ├── is-absolute@0.2.6
63 silly currentTree ├── is-arrayish@0.2.1
63 silly currentTree ├── is-arrow-function@2.0.3
63 silly currentTree ├── is-boolean-object@1.0.0
63 silly currentTree ├── is-buffer@1.1.5
63 silly currentTree ├── is-builtin-module@1.0.0
63 silly currentTree ├── is-callable@1.1.3
63 silly currentTree ├── is-date-object@1.0.1
63 silly currentTree ├── is-dotfile@1.0.3
63 silly currentTree ├── is-equal-shallow@0.1.3
63 silly currentTree ├── is-equal@1.5.5
63 silly currentTree ├── is-extendable@0.1.1
63 silly currentTree ├── is-extglob@1.0.0
63 silly currentTree ├── is-finite@1.0.2
63 silly currentTree ├── is-fullwidth-code-point@1.0.0
63 silly currentTree ├── is-generator-function@1.0.6
63 silly currentTree ├── is-glob@2.0.1
63 silly currentTree ├─┬ is-my-json-valid@2.16.0
63 silly currentTree │ └── xtend@4.0.1
63 silly currentTree ├── is-number-object@1.0.3
63 silly currentTree ├── is-number@2.1.0
63 silly currentTree ├─┬ is-plain-object@2.0.3
63 silly currentTree │ └── isobject@3.0.0
63 silly currentTree ├── is-posix-bracket@0.1.1
63 silly currentTree ├── is-primitive@2.0.0
63 silly currentTree ├── is-property@1.0.2
63 silly currentTree ├── is-regex@1.0.4
63 silly currentTree ├── is-relative@0.2.1
63 silly currentTree ├── is-string@1.0.4
63 silly currentTree ├── is-symbol@1.0.1
63 silly currentTree ├── is-typedarray@1.0.0
63 silly currentTree ├── is-unc-path@0.1.2
63 silly currentTree ├── is-utf8@0.2.1
63 silly currentTree ├── is-windows@0.2.0
63 silly currentTree ├── isarray@0.0.1
63 silly currentTree ├── isexe@2.0.0
63 silly currentTree ├─┬ isobject@2.1.0
63 silly currentTree │ └── isarray@1.0.0
63 silly currentTree ├── isstream@0.1.2
63 silly currentTree ├─┬ istanbul@0.2.16
63 silly currentTree │ ├── abbrev@1.0.9
63 silly currentTree │ ├── async@0.9.2
63 silly currentTree │ ├─┬ escodegen@1.3.3
63 silly currentTree │ │ └── esprima@1.1.1
63 silly currentTree │ ├── esprima@1.2.5
63 silly currentTree │ ├── estraverse@1.5.1
63 silly currentTree │ ├── minimist@0.0.8
63 silly currentTree │ ├── mkdirp@0.5.1
63 silly currentTree │ ├── nopt@3.0.6
63 silly currentTree │ ├── resolve@0.7.4
63 silly currentTree │ ├── source-map@0.1.43
63 silly currentTree │ └── which@1.0.9
63 silly currentTree ├─┬ jade@0.26.3
63 silly currentTree │ ├── commander@0.6.1
63 silly currentTree │ └── mkdirp@0.3.0
63 silly currentTree ├─┬ js-yaml@3.6.1
63 silly currentTree │ └── esprima@2.7.3
63 silly currentTree ├── jsbn@0.1.1
63 silly currentTree ├── json-schema@0.2.3
63 silly currentTree ├── json-stringify-safe@5.0.1
63 silly currentTree ├── json3@3.3.2
63 silly currentTree ├── jsonparse@0.0.5
63 silly currentTree ├── jsonpointer@4.0.1
63 silly currentTree ├─┬ jsprim@1.4.0
63 silly currentTree │ └── assert-plus@1.0.0
63 silly currentTree ├── jsrsasign@0.0.3
63 silly currentTree ├── kind-of@3.2.2
63 silly currentTree ├── lcov-parse@0.0.10
63 silly currentTree ├── lexical-scope@1.1.1
63 silly currentTree ├─┬ liftoff@2.3.0
63 silly currentTree │ └── resolve@1.3.3
63 silly currentTree ├─┬ load-json-file@1.1.0
63 silly currentTree │ ├── graceful-fs@4.1.11
63 silly currentTree │ └── strip-bom@2.0.0
63 silly currentTree ├── lodash._baseassign@3.2.0
63 silly currentTree ├── lodash._basecopy@3.0.1
63 silly currentTree ├── lodash._basecreate@3.0.3
63 silly currentTree ├── lodash._basetostring@3.0.1
63 silly currentTree ├── lodash._basevalues@3.0.0
63 silly currentTree ├── lodash._escapehtmlchar@2.4.1
63 silly currentTree ├── lodash._escapestringchar@2.4.1
63 silly currentTree ├── lodash._getnative@3.9.1
63 silly currentTree ├── lodash._htmlescapes@2.4.1
63 silly currentTree ├── lodash._isiterateecall@3.0.9
63 silly currentTree ├── lodash._isnative@2.4.1
63 silly currentTree ├── lodash._objecttypes@2.4.1
63 silly currentTree ├── lodash._reescape@3.0.0
63 silly currentTree ├── lodash._reevaluate@3.0.0
63 silly currentTree ├── lodash._reinterpolate@3.0.0
63 silly currentTree ├─┬ lodash._reunescapedhtml@2.4.1
63 silly currentTree │ └── lodash.keys@2.4.1
63 silly currentTree ├── lodash._root@3.0.1
63 silly currentTree ├── lodash._shimkeys@2.4.1
63 silly currentTree ├── lodash.create@3.1.1
63 silly currentTree ├─┬ lodash.defaults@2.4.1
63 silly currentTree │ └── lodash.keys@2.4.1
63 silly currentTree ├── lodash.escape@3.2.0
63 silly currentTree ├── lodash.isarguments@3.1.0
63 silly currentTree ├── lodash.isarray@3.0.4
63 silly currentTree ├── lodash.isobject@2.4.1
63 silly currentTree ├── lodash.isplainobject@4.0.6
63 silly currentTree ├── lodash.isstring@4.0.1
63 silly currentTree ├── lodash.keys@3.1.2
63 silly currentTree ├── lodash.mapvalues@4.6.0
63 silly currentTree ├── lodash.restparam@3.6.1
63 silly currentTree ├── lodash.template@3.6.2
63 silly currentTree ├── lodash.templatesettings@3.1.1
63 silly currentTree ├─┬ lodash.values@2.4.1
63 silly currentTree │ └── lodash.keys@2.4.1
63 silly currentTree ├── lodash@2.4.2
63 silly currentTree ├── log-driver@1.2.5
63 silly currentTree ├── lolex@1.3.2
63 silly currentTree ├── long@1.2.3
63 silly currentTree ├── loud-rejection@1.6.0
63 silly currentTree ├── lru-cache@2.7.3
63 silly currentTree ├── map-cache@0.2.2
63 silly currentTree ├── map-obj@1.0.1
63 silly currentTree ├── map-stream@0.1.0
63 silly currentTree ├── marked@0.2.10
63 silly currentTree ├── media-typer@0.2.0
63 silly currentTree ├─┬ meow@3.7.0
63 silly currentTree │ ├── minimist@1.2.0
63 silly currentTree │ └── object-assign@4.1.1
63 silly currentTree ├── merge-descriptors@0.0.2
63 silly currentTree ├── methods@1.1.0
63 silly currentTree ├── micromatch@2.3.11
63 silly currentTree ├── mime-db@1.27.0
63 silly currentTree ├── mime-types@2.1.15
63 silly currentTree ├── mime@1.2.11
63 silly currentTree ├── minimalistic-assert@1.0.0
63 silly currentTree ├── minimatch@3.0.4
63 silly currentTree ├── minimist@0.0.10
63 silly currentTree ├── mkdirp@0.3.5
63 silly currentTree ├─┬ mocha@3.4.2
63 silly currentTree │ ├── commander@2.9.0
63 silly currentTree │ ├── debug@2.6.0
63 silly currentTree │ ├── diff@3.2.0
63 silly currentTree │ ├── glob@7.1.1
63 silly currentTree │ ├── growl@1.9.2
63 silly currentTree │ ├── minimist@0.0.8
63 silly currentTree │ ├── mkdirp@0.5.1
63 silly currentTree │ ├── ms@0.7.2
63 silly currentTree │ └── supports-color@3.1.2
63 silly currentTree ├─┬ module-deps@1.8.1
63 silly currentTree │ ├── parents@0.0.2
63 silly currentTree │ └── through@2.3.8
63 silly currentTree ├── ms@0.6.2
63 silly currentTree ├── multipipe@0.1.2
63 silly currentTree ├── nan@2.6.2
63 silly currentTree ├── natives@1.1.0
63 silly currentTree ├── negotiator@0.4.7
63 silly currentTree ├── network-byte-order@0.2.0
63 silly currentTree ├── node-abi@2.0.3
63 silly currentTree ├── noop-logger@0.1.1
63 silly currentTree ├── nopt@2.0.0
63 silly currentTree ├── noptify@0.0.3
63 silly currentTree ├── normalize-package-data@2.3.8
63 silly currentTree ├── normalize-path@2.1.1
63 silly currentTree ├── npmlog@4.1.0
63 silly currentTree ├── number-is-nan@1.0.1
63 silly currentTree ├── oauth-sign@0.8.2
63 silly currentTree ├── object-assign@3.0.0
63 silly currentTree ├── object-inspect@1.2.2
63 silly currentTree ├── object-keys@1.0.11
63 silly currentTree ├─┬ object.defaults@1.1.0
63 silly currentTree │ ├── for-own@1.0.0
63 silly currentTree │ └── isobject@3.0.0
63 silly currentTree ├── object.entries@1.0.4
63 silly currentTree ├── object.omit@2.0.1
63 silly currentTree ├── object.pick@1.2.0
63 silly currentTree ├── once@1.4.0
63 silly currentTree ├── optimist@0.6.1
63 silly currentTree ├── options@0.0.6
63 silly currentTree ├── optjs@3.2.2
63 silly currentTree ├── orchestrator@0.3.8
63 silly currentTree ├── ordered-read-streams@0.1.0
63 silly currentTree ├── os-browserify@0.1.2
63 silly currentTree ├── os-homedir@1.0.2
63 silly currentTree ├── pako@0.2.9
63 silly currentTree ├── parents@0.0.3
63 silly currentTree ├── parse-filepath@1.0.1
63 silly currentTree ├── parse-glob@3.0.4
63 silly currentTree ├── parse-json@2.2.0
63 silly currentTree ├── parse-passwd@1.0.0
63 silly currentTree ├── parseurl@1.1.3
63 silly currentTree ├── path-browserify@0.0.0
63 silly currentTree ├── path-exists@2.1.0
63 silly currentTree ├── path-is-absolute@1.0.1
63 silly currentTree ├── path-parse@1.0.5
63 silly currentTree ├── path-platform@0.0.1
63 silly currentTree ├── path-root-regex@0.1.2
63 silly currentTree ├── path-root@0.1.1
63 silly currentTree ├── path-to-regexp@0.1.3
63 silly currentTree ├─┬ path-type@1.1.0
63 silly currentTree │ └── graceful-fs@4.1.11
63 silly currentTree ├─┬ pause-stream@0.0.11
63 silly currentTree │ └── through@2.3.8
63 silly currentTree ├── pify@2.3.0
63 silly currentTree ├── pinkie-promise@2.0.1
63 silly currentTree ├── pinkie@2.0.4
63 silly currentTree ├── pkginfo@0.3.1
63 silly currentTree ├─┬ prebuild-install@2.1.2
63 silly currentTree │ ├── minimist@1.2.0
63 silly currentTree │ ├─┬ mkdirp@0.5.1
63 silly currentTree │ │ └── minimist@0.0.8
63 silly currentTree │ └── xtend@4.0.1
63 silly currentTree ├── preconditions@1.0.8
63 silly currentTree ├── preserve@0.2.0
63 silly currentTree ├── pretty-hrtime@0.2.2
63 silly currentTree ├── process-nextick-args@1.0.7
63 silly currentTree ├── process@0.6.0
63 silly currentTree ├── protobufjs@3.0.0
63 silly currentTree ├── proxy-addr@1.0.1
63 silly currentTree ├─┬ pump@1.0.2
63 silly currentTree │ └── end-of-stream@1.4.0
63 silly currentTree ├── punycode@1.2.4
63 silly currentTree ├── qs@6.3.2
63 silly currentTree ├── querystring-es3@0.2.0
63 silly currentTree ├── querystring@0.1.0
63 silly currentTree ├─┬ randomatic@1.1.7
63 silly currentTree │ ├─┬ is-number@3.0.0
63 silly currentTree │ │ └── kind-of@3.2.2
63 silly currentTree │ └── kind-of@4.0.0
63 silly currentTree ├── range-parser@1.0.0
63 silly currentTree ├─┬ rc@1.2.1
63 silly currentTree │ └── minimist@1.2.0
63 silly currentTree ├── read-pkg-up@1.0.1
63 silly currentTree ├── read-pkg@1.1.0
63 silly currentTree ├─┬ readable-stream@1.1.14
63 silly currentTree │ └── string_decoder@0.10.31
63 silly currentTree ├─┬ rechoir@0.6.2
63 silly currentTree │ └── resolve@1.3.3
63 silly currentTree ├── recursive-readdir@0.0.2
63 silly currentTree ├── redent@1.0.0
63 silly currentTree ├── regex-cache@0.4.3
63 silly currentTree ├── remove-trailing-separator@1.0.2
63 silly currentTree ├── repeat-element@1.1.2
63 silly currentTree ├── repeat-string@1.6.1
63 silly currentTree ├── repeating@2.0.1
63 silly currentTree ├── replace-ext@0.0.1
63 silly currentTree ├─┬ request@2.39.0
63 silly currentTree │ ├── asn1@0.1.11
63 silly currentTree │ ├── assert-plus@0.1.5
63 silly currentTree │ ├── async@0.9.2
63 silly currentTree │ ├── aws-sign2@0.5.0
63 silly currentTree │ ├── boom@0.4.2
63 silly currentTree │ ├── combined-stream@0.0.7
63 silly currentTree │ ├── cryptiles@0.2.2
63 silly currentTree │ ├── delayed-stream@0.0.5
63 silly currentTree │ ├── forever-agent@0.5.2
63 silly currentTree │ ├── form-data@0.1.4
63 silly currentTree │ ├── hawk@1.1.1
63 silly currentTree │ ├── hoek@0.9.1
63 silly currentTree │ ├── http-signature@0.10.1
63 silly currentTree │ ├── mime-types@1.0.2
63 silly currentTree │ ├── node-uuid@1.4.8
63 silly currentTree │ ├── oauth-sign@0.3.0
63 silly currentTree │ ├── qs@0.6.6
63 silly currentTree │ └── sntp@0.2.4
63 silly currentTree ├── resolve-dir@0.1.1
63 silly currentTree ├── resolve@0.6.3
63 silly currentTree ├─┬ rfile@1.0.0
63 silly currentTree │ └── resolve@0.3.1
63 silly currentTree ├─┬ ruglify@1.0.0
63 silly currentTree │ ├── optimist@0.3.7
63 silly currentTree │ ├── source-map@0.1.43
63 silly currentTree │ └── uglify-js@2.2.5
63 silly currentTree ├── safe-buffer@5.1.1
63 silly currentTree ├── samsam@1.1.2
63 silly currentTree ├── semver@4.3.6
63 silly currentTree ├── send@0.6.0
63 silly currentTree ├── sequencify@0.0.7
63 silly currentTree ├── serve-static@1.3.2
63 silly currentTree ├── set-blocking@2.0.0
63 silly currentTree ├── shallow-copy@0.0.1
63 silly currentTree ├── shell-quote@0.0.1
63 silly currentTree ├── sigmund@1.0.1
63 silly currentTree ├── signal-exit@3.0.2
63 silly currentTree ├─┬ simple-get@1.4.3
63 silly currentTree │ └── xtend@4.0.1
63 silly currentTree ├── sinon@1.17.7
63 silly currentTree ├── sjcl@1.0.1
63 silly currentTree ├── sntp@1.0.9
63 silly currentTree ├── socks5-client@0.3.6
63 silly currentTree ├── source-map@0.5.6
63 silly currentTree ├── sparkles@1.0.0
63 silly currentTree ├── spdx-correct@1.0.2
63 silly currentTree ├── spdx-expression-parse@1.0.4
63 silly currentTree ├── spdx-license-ids@1.2.2
63 silly currentTree ├── split@0.2.10
63 silly currentTree ├── sprintf-js@1.0.3
63 silly currentTree ├── sprintf@0.1.5
63 silly currentTree ├─┬ sshpk@1.13.1
63 silly currentTree │ └── assert-plus@1.0.0
63 silly currentTree ├── stack-trace@0.0.10
63 silly currentTree ├─┬ stream-browserify@0.1.3
63 silly currentTree │ └── process@0.5.2
63 silly currentTree ├── stream-combiner@0.0.4
63 silly currentTree ├── stream-consume@0.1.0
63 silly currentTree ├── string-width@1.0.2
63 silly currentTree ├── string_decoder@0.0.1
63 silly currentTree ├── stringstream@0.0.5
63 silly currentTree ├── strip-ansi@3.0.1
63 silly currentTree ├── strip-bom@1.0.0
63 silly currentTree ├── strip-indent@1.0.1
63 silly currentTree ├── strip-json-comments@2.0.1
63 silly currentTree ├── subarg@0.0.1
63 silly currentTree ├── supports-color@2.0.0
63 silly currentTree ├─┬ syntax-error@1.1.6
63 silly currentTree │ └── acorn@2.7.0
63 silly currentTree ├─┬ tar-fs@1.15.3
63 silly currentTree │ ├── minimist@0.0.8
63 silly currentTree │ └── mkdirp@0.5.1
63 silly currentTree ├─┬ tar-stream@1.5.4
63 silly currentTree │ ├── end-of-stream@1.4.0
63 silly currentTree │ ├── isarray@1.0.0
63 silly currentTree │ ├── readable-stream@2.3.2
63 silly currentTree │ ├── string_decoder@1.0.3
63 silly currentTree │ └── xtend@4.0.1
63 silly currentTree ├─┬ through2@0.4.2
63 silly currentTree │ ├── readable-stream@1.0.34
63 silly currentTree │ └── string_decoder@0.10.31
63 silly currentTree ├── through@2.2.7
63 silly currentTree ├── tildify@1.2.0
63 silly currentTree ├── time-stamp@1.1.0
63 silly currentTree ├─┬ timers-browserify@1.0.3
63 silly currentTree │ └── process@0.5.2
63 silly currentTree ├─┬ tiny-lr@0.0.4
63 silly currentTree │ ├── debug@0.7.4
63 silly currentTree │ └── qs@0.5.6
63 silly currentTree ├── tmatch@2.0.1
63 silly currentTree ├─┬ tough-cookie@2.3.2
63 silly currentTree │ └── punycode@1.4.1
63 silly currentTree ├── traverse@0.3.9
63 silly currentTree ├── trim-newlines@1.0.0
63 silly currentTree ├── tty-browserify@0.0.0
63 silly currentTree ├── tunnel-agent@0.4.3
63 silly currentTree ├── tweetnacl@0.14.5
63 silly currentTree ├── type-detect@0.1.1
63 silly currentTree ├─┬ type-is@1.3.2
63 silly currentTree │ └── mime-types@1.0.2
63 silly currentTree ├── typedarray@0.0.6
63 silly currentTree ├─┬ uglify-js@2.4.24
63 silly currentTree │ └── source-map@0.1.34
63 silly currentTree ├── uglify-to-browserify@1.0.2
63 silly currentTree ├─┬ uglifyify@1.2.3
63 silly currentTree │ ├── convert-source-map@0.2.6
63 silly currentTree │ └── through@2.3.8
63 silly currentTree ├── ultron@1.0.2
63 silly currentTree ├─┬ umd@2.0.0
63 silly currentTree │ └── through@2.3.8
63 silly currentTree ├── unc-path-regex@0.1.2
63 silly currentTree ├── unique-stream@1.0.0
63 silly currentTree ├── unzip-response@1.0.2
63 silly currentTree ├─┬ url@0.7.9
63 silly currentTree │ └── punycode@1.0.0
63 silly currentTree ├── user-home@1.1.1
63 silly currentTree ├── util-deprecate@1.0.2
63 silly currentTree ├─┬ util@0.10.3
63 silly currentTree │ └── inherits@2.0.1
63 silly currentTree ├── utils-merge@1.0.0
63 silly currentTree ├── uuid@3.1.0
63 silly currentTree ├── v8flags@2.1.1
63 silly currentTree ├── validate-npm-package-license@3.0.1
63 silly currentTree ├── vary@0.1.0
63 silly currentTree ├── verror@1.3.6
63 silly currentTree ├─┬ vinyl-fs@0.3.14
63 silly currentTree │ ├── clone@0.2.0
63 silly currentTree │ ├── graceful-fs@3.0.11
63 silly currentTree │ ├── minimist@0.0.8
63 silly currentTree │ ├── mkdirp@0.5.1
63 silly currentTree │ ├── readable-stream@1.0.34
63 silly currentTree │ ├── string_decoder@0.10.31
63 silly currentTree │ ├── through2@0.6.5
63 silly currentTree │ ├── vinyl@0.4.6
63 silly currentTree │ └── xtend@4.0.1
63 silly currentTree ├── vinyl@0.5.3
63 silly currentTree ├── vm-browserify@0.0.4
63 silly currentTree ├─┬ watchify@0.6.4
63 silly currentTree │ ├── optimist@0.5.2
63 silly currentTree │ └── through@2.3.8
63 silly currentTree ├── which@1.2.14
63 silly currentTree ├── wide-align@1.1.2
63 silly currentTree ├── window-size@0.1.0
63 silly currentTree ├─┬ winston@0.8.3
63 silly currentTree │ └── colors@0.6.2
63 silly currentTree ├── wordwrap@0.0.3
63 silly currentTree ├── wrappy@1.0.2
63 silly currentTree ├── ws@1.1.4
63 silly currentTree ├─┬ xtend@2.1.2
63 silly currentTree │ └── object-keys@0.4.0
63 silly currentTree └─┬ yargs@3.5.4
63 silly currentTree   └── wordwrap@0.0.2
64 silly idealTree bitcore@0.1.41
64 silly idealTree ├── Base64@0.2.1
64 silly idealTree ├── JSONStream@0.7.4
64 silly idealTree ├── abbrev@1.1.0
64 silly idealTree ├─┬ accepts@1.0.7
64 silly idealTree │ └── mime-types@1.0.2
64 silly idealTree ├── acorn@4.0.13
64 silly idealTree ├── amdefine@1.0.1
64 silly idealTree ├── ansi-regex@2.1.1
64 silly idealTree ├── ansi-styles@2.2.1
64 silly idealTree ├── aproba@1.1.2
64 silly idealTree ├── archy@1.0.0
64 silly idealTree ├─┬ are-we-there-yet@1.1.4
64 silly idealTree │ ├── isarray@1.0.0
64 silly idealTree │ ├── readable-stream@2.3.2
64 silly idealTree │ └── string_decoder@1.0.3
64 silly idealTree ├── argparse@1.0.9
64 silly idealTree ├── arr-diff@2.0.0
64 silly idealTree ├── arr-flatten@1.0.3
64 silly idealTree ├── array-differ@1.0.0
64 silly idealTree ├── array-each@1.0.1
64 silly idealTree ├── array-find-index@1.0.2
64 silly idealTree ├── array-slice@1.0.0
64 silly idealTree ├── array-uniq@1.0.3
64 silly idealTree ├── array-unique@0.2.1
64 silly idealTree ├── ascli@1.0.1
64 silly idealTree ├─┬ asn1.js@0.4.1
64 silly idealTree │ └── bn.js@0.13.3
64 silly idealTree ├── asn1@0.2.3
64 silly idealTree ├── assert-plus@0.2.0
64 silly idealTree ├── assert@1.1.2
64 silly idealTree ├── assertion-error@1.0.0
64 silly idealTree ├── astw@2.2.0
64 silly idealTree ├── async@0.2.10
64 silly idealTree ├── asynckit@0.4.0
64 silly idealTree ├── aws-sign2@0.6.0
64 silly idealTree ├── aws4@1.6.0
64 silly idealTree ├── balanced-match@1.0.0
64 silly idealTree ├── base64-js@0.0.8
64 silly idealTree ├── bcrypt-pbkdf@1.0.1
64 silly idealTree ├── beeper@1.1.1
64 silly idealTree ├── bignum@0.11.0
64 silly idealTree ├── binary@0.3.0
64 silly idealTree ├── bindings@1.1.1
64 silly idealTree ├─┬ bl@1.2.1
64 silly idealTree │ ├── isarray@1.0.0
64 silly idealTree │ ├── readable-stream@2.3.2
64 silly idealTree │ └── string_decoder@1.0.3
64 silly idealTree ├── bn.js@1.0.0
64 silly idealTree ├── boom@2.10.1
64 silly idealTree ├── brace-expansion@1.1.8
64 silly idealTree ├── braces@1.8.5
64 silly idealTree ├── brfs@1.0.0
64 silly idealTree ├── brorand@1.1.0
64 silly idealTree ├─┬ browser-pack@2.0.1
64 silly idealTree │ ├─┬ JSONStream@0.6.4
64 silly idealTree │ │ └── through@2.2.7
64 silly idealTree │ └── through@2.3.8
64 silly idealTree ├── browser-resolve@1.2.4
64 silly idealTree ├── browser-stdout@1.3.0
64 silly idealTree ├── browserify-buffertools@1.0.2
64 silly idealTree ├── browserify-zlib@0.1.4
64 silly idealTree ├─┬ browserify@3.40.0
64 silly idealTree │ ├── crypto-browserify@1.0.9
64 silly idealTree │ ├── glob@3.2.11
64 silly idealTree │ └── minimatch@0.3.0
64 silly idealTree ├── buffer-crc32@0.2.3
64 silly idealTree ├── buffer@2.1.13
64 silly idealTree ├── bufferput@0.1.3
64 silly idealTree ├── buffers@0.1.1
64 silly idealTree ├── buffertools@2.1.3
64 silly idealTree ├─┬ bufferutil@3.0.1
64 silly idealTree │ └── bindings@1.2.1
64 silly idealTree ├── bufferview@1.0.1
64 silly idealTree ├── builtin-modules@1.1.1
64 silly idealTree ├── builtins@0.0.7
64 silly idealTree ├── bytebuffer@3.1.1
64 silly idealTree ├── callsite@1.0.0
64 silly idealTree ├─┬ camelcase-keys@2.1.0
64 silly idealTree │ └── camelcase@2.1.1
64 silly idealTree ├── camelcase@1.2.1
64 silly idealTree ├── caseless@0.11.0
64 silly idealTree ├── chai@1.9.1
64 silly idealTree ├── chainsaw@0.1.0
64 silly idealTree ├── chalk@1.1.3
64 silly idealTree ├── chokidar@0.8.4
64 silly idealTree ├── chownr@1.0.1
64 silly idealTree ├── cli@0.4.5
64 silly idealTree ├── cliff@0.1.10
64 silly idealTree ├── clone-stats@0.0.1
64 silly idealTree ├── clone@1.0.2
64 silly idealTree ├── code-point-at@1.1.0
64 silly idealTree ├── colors@1.0.3
64 silly idealTree ├── colour@0.7.1
64 silly idealTree ├─┬ combine-source-map@0.3.0
64 silly idealTree │ └── source-map@0.1.43
64 silly idealTree ├── combined-stream@1.0.5
64 silly idealTree ├── commander@2.2.0
64 silly idealTree ├── commondir@0.0.1
64 silly idealTree ├── concat-map@0.0.1
64 silly idealTree ├── concat-stream@1.4.10
64 silly idealTree ├── console-browserify@1.0.3
64 silly idealTree ├── console-control-strings@1.1.0
64 silly idealTree ├── constants-browserify@0.0.1
64 silly idealTree ├── convert-source-map@0.3.5
64 silly idealTree ├── cookie-signature@1.0.4
64 silly idealTree ├── cookie@0.1.2
64 silly idealTree ├── core-util-is@1.0.2
64 silly idealTree ├─┬ coveralls@2.13.1
64 silly idealTree │ ├── minimist@1.2.0
64 silly idealTree │ └── request@2.79.0
64 silly idealTree ├── cryptiles@2.0.5
64 silly idealTree ├── crypto-browserify@1.0.9-D
64 silly idealTree ├── crypto-js@1.0.0
64 silly idealTree ├── ctype@0.5.3
64 silly idealTree ├── currently-unhandled@0.4.1
64 silly idealTree ├── cycle@1.0.3
64 silly idealTree ├─┬ dashdash@1.14.1
64 silly idealTree │ └── assert-plus@1.0.0
64 silly idealTree ├── dateformat@2.0.0
64 silly idealTree ├── debug@1.0.3
64 silly idealTree ├── decamelize@1.2.0
64 silly idealTree ├── deep-eql@0.1.3
64 silly idealTree ├── deep-equal@0.1.2
64 silly idealTree ├── deep-extend@0.4.2
64 silly idealTree ├── defaults@1.0.3
64 silly idealTree ├── define-properties@1.1.2
64 silly idealTree ├── defined@0.0.0
64 silly idealTree ├── delayed-stream@1.0.0
64 silly idealTree ├── delegates@1.0.0
64 silly idealTree ├── depd@0.3.0
64 silly idealTree ├── deprecated@0.0.1
64 silly idealTree ├─┬ deps-sort@0.1.2
64 silly idealTree │ ├─┬ JSONStream@0.6.4
64 silly idealTree │ │ └── through@2.2.7
64 silly idealTree │ └── through@2.3.8
64 silly idealTree ├─┬ derequire@0.8.0
64 silly idealTree │ ├── esprima-fb@3001.1.0-dev-harmony-fb
64 silly idealTree │ └── estraverse@1.5.1
64 silly idealTree ├── detect-file@0.1.0
64 silly idealTree ├─┬ detective@3.1.0
64 silly idealTree │ ├── escodegen@1.1.0
64 silly idealTree │ ├── esprima-fb@3001.1.0-dev-harmony-fb
64 silly idealTree │ ├── estraverse@1.5.1
64 silly idealTree │ └── source-map@0.1.43
64 silly idealTree ├── diff@1.0.7
64 silly idealTree ├── domain-browser@1.1.7
64 silly idealTree ├── duplexer2@0.0.2
64 silly idealTree ├── duplexer@0.1.1
64 silly idealTree ├── ecc-jsbn@0.1.1
64 silly idealTree ├── ee-first@1.0.3
64 silly idealTree ├─┬ elliptic@1.0.0
64 silly idealTree │ └── hash.js@1.1.1
64 silly idealTree ├─┬ end-of-stream@0.1.5
64 silly idealTree │ └── once@1.3.3
64 silly idealTree ├── error-ex@1.3.1
64 silly idealTree ├── es-abstract@1.7.0
64 silly idealTree ├── es-to-primitive@1.1.1
64 silly idealTree ├── escape-html@1.0.1
64 silly idealTree ├── escape-string-regexp@1.0.5
64 silly idealTree ├── escodegen@0.0.17
64 silly idealTree ├── escope@0.0.16
64 silly idealTree ├── esprima@1.0.4
64 silly idealTree ├── esrefactor@0.1.0
64 silly idealTree ├── estraverse@0.0.4
64 silly idealTree ├── esutils@1.0.0
64 silly idealTree ├─┬ event-stream@3.1.7
64 silly idealTree │ └── through@2.3.8
64 silly idealTree ├── events@1.0.2
64 silly idealTree ├── expand-brackets@0.1.5
64 silly idealTree ├── expand-range@1.8.2
64 silly idealTree ├── expand-template@1.0.3
64 silly idealTree ├── expand-tilde@1.2.2
64 silly idealTree ├── expect@1.20.2
64 silly idealTree ├─┬ express@4.6.1
64 silly idealTree │ └── qs@0.6.6
64 silly idealTree ├── extend@3.0.1
64 silly idealTree ├── extglob@0.3.2
64 silly idealTree ├── extsprintf@1.0.2
64 silly idealTree ├── eyes@0.1.8
64 silly idealTree ├── falafel@0.1.6
64 silly idealTree ├── fancy-log@1.3.0
64 silly idealTree ├── faye-websocket@0.4.4
64 silly idealTree ├── filename-regex@2.0.1
64 silly idealTree ├─┬ fileset@0.1.8
64 silly idealTree │ ├─┬ glob@3.2.11
64 silly idealTree │ │ └── minimatch@0.3.0
64 silly idealTree │ └── minimatch@0.4.0
64 silly idealTree ├── fill-range@2.2.3
64 silly idealTree ├── finalhandler@0.0.3
64 silly idealTree ├── find-index@0.1.1
64 silly idealTree ├── find-up@1.1.2
64 silly idealTree ├── findup-sync@0.4.3
64 silly idealTree ├─┬ fined@1.1.0
64 silly idealTree │ └── expand-tilde@2.0.2
64 silly idealTree ├── finished@1.2.2
64 silly idealTree ├── first-chunk-stream@1.0.0
64 silly idealTree ├── flagged-respawn@0.3.2
64 silly idealTree ├── for-in@1.0.2
64 silly idealTree ├── for-own@0.1.5
64 silly idealTree ├── foreach@2.0.5
64 silly idealTree ├── forever-agent@0.6.1
64 silly idealTree ├── form-data@2.1.4
64 silly idealTree ├── formatio@1.1.1
64 silly idealTree ├── fresh@0.2.2
64 silly idealTree ├── from@0.1.7
64 silly idealTree ├── fs-exists-sync@0.1.0
64 silly idealTree ├── fs.realpath@1.0.0
64 silly idealTree ├── function-bind@1.1.0
64 silly idealTree ├─┬ gauge@2.7.4
64 silly idealTree │ └── object-assign@4.1.1
64 silly idealTree ├── gaze@0.4.3
64 silly idealTree ├── generate-function@2.0.0
64 silly idealTree ├── generate-object-property@1.2.0
64 silly idealTree ├── get-stdin@4.0.1
64 silly idealTree ├─┬ getpass@0.1.7
64 silly idealTree │ └── assert-plus@1.0.0
64 silly idealTree ├── github-from-package@0.0.0
64 silly idealTree ├── glob-base@0.3.0
64 silly idealTree ├── glob-parent@2.0.0
64 silly idealTree ├─┬ glob-stream@3.1.18
64 silly idealTree │ ├── glob@4.5.3
64 silly idealTree │ ├── minimatch@2.0.10
64 silly idealTree │ ├── readable-stream@1.0.34
64 silly idealTree │ ├── string_decoder@0.10.31
64 silly idealTree │ ├── through2@0.6.5
64 silly idealTree │ └── xtend@4.0.1
64 silly idealTree ├─┬ glob-watcher@0.0.6
64 silly idealTree │ └── gaze@0.5.2
64 silly idealTree ├── glob2base@0.0.12
64 silly idealTree ├── glob@7.1.2
64 silly idealTree ├── global-modules@0.2.3
64 silly idealTree ├── global-prefix@0.1.5
64 silly idealTree ├─┬ globule@0.1.0
64 silly idealTree │ ├── glob@3.1.21
64 silly idealTree │ ├── inherits@1.0.2
64 silly idealTree │ ├── lodash@1.0.2
64 silly idealTree │ └── minimatch@0.2.14
64 silly idealTree ├── glogg@1.0.0
64 silly idealTree ├── graceful-fs@1.2.3
64 silly idealTree ├── graceful-readlink@1.0.1
64 silly idealTree ├── growl@1.7.0
64 silly idealTree ├─┬ grunt-browserify@2.0.8
64 silly idealTree │ ├── async@0.7.0
64 silly idealTree │ ├── glob@3.2.11
64 silly idealTree │ └── minimatch@0.3.0
64 silly idealTree ├── grunt-contrib-watch@0.5.3
64 silly idealTree ├── grunt-lib-contrib@0.3.1
64 silly idealTree ├─┬ grunt-markdown@0.5.0
64 silly idealTree │ └── lodash@0.9.2
64 silly idealTree ├─┬ grunt-mocha-test@0.8.2
64 silly idealTree │ ├── commander@2.0.0
64 silly idealTree │ ├── glob@3.2.3
64 silly idealTree │ ├── graceful-fs@2.0.3
64 silly idealTree │ ├── minimatch@0.2.14
64 silly idealTree │ └── mocha@1.14.0
64 silly idealTree ├─┬ grunt-shell@0.6.4
64 silly idealTree │ ├── ansi-styles@0.2.0
64 silly idealTree │ └── chalk@0.3.0
64 silly idealTree ├─┬ gulp-concat@2.2.0
64 silly idealTree │ ├── ansi-regex@0.2.1
64 silly idealTree │ ├── ansi-styles@1.1.0
64 silly idealTree │ ├── chalk@0.5.1
64 silly idealTree │ ├── dateformat@1.0.12
64 silly idealTree │ ├── gulp-util@2.2.20
64 silly idealTree │ ├── has-ansi@0.1.0
64 silly idealTree │ ├── lodash._reinterpolate@2.4.1
64 silly idealTree │ ├── lodash.escape@2.4.1
64 silly idealTree │ ├── lodash.keys@2.4.1
64 silly idealTree │ ├── lodash.template@2.4.1
64 silly idealTree │ ├── lodash.templatesettings@2.4.1
64 silly idealTree │ ├── minimist@0.2.0
64 silly idealTree │ ├── readable-stream@1.0.34
64 silly idealTree │ ├── string_decoder@0.10.31
64 silly idealTree │ ├── strip-ansi@0.3.0
64 silly idealTree │ ├── supports-color@0.2.0
64 silly idealTree │ ├── through2@0.5.1
64 silly idealTree │ ├── through@2.3.8
64 silly idealTree │ ├── vinyl@0.2.3
64 silly idealTree │ └── xtend@3.0.0
64 silly idealTree ├─┬ gulp-util@3.0.8
64 silly idealTree │ ├── isarray@1.0.0
64 silly idealTree │ ├── minimist@1.2.0
64 silly idealTree │ ├── readable-stream@2.3.2
64 silly idealTree │ ├── string_decoder@1.0.3
64 silly idealTree │ ├── through2@2.0.3
64 silly idealTree │ └── xtend@4.0.1
64 silly idealTree ├─┬ gulp@3.8.11
64 silly idealTree │ ├── ansi-regex@0.2.1
64 silly idealTree │ ├── ansi-styles@1.1.0
64 silly idealTree │ ├── chalk@0.5.1
64 silly idealTree │ ├── has-ansi@0.1.0
64 silly idealTree │ ├── minimist@1.2.0
64 silly idealTree │ ├── strip-ansi@0.3.0
64 silly idealTree │ └── supports-color@0.2.0
64 silly idealTree ├── gulplog@1.0.0
64 silly idealTree ├─┬ handlebars@1.3.0
64 silly idealTree │ ├── optimist@0.3.7
64 silly idealTree │ ├── source-map@0.1.43
64 silly idealTree │ └── uglify-js@2.3.6
64 silly idealTree ├─┬ har-validator@2.0.6
64 silly idealTree │ └── commander@2.10.0
64 silly idealTree ├── has-ansi@2.0.0
64 silly idealTree ├── has-color@0.1.7
64 silly idealTree ├── has-flag@1.0.0
64 silly idealTree ├── has-gulplog@0.1.0
64 silly idealTree ├── has-unicode@2.0.1
64 silly idealTree ├── has@1.0.1
64 silly idealTree ├── hash.js@0.3.2
64 silly idealTree ├── hawk@3.1.3
64 silly idealTree ├── highlight.js@7.3.0
64 silly idealTree ├── hoek@2.16.3
64 silly idealTree ├── homedir-polyfill@1.0.1
64 silly idealTree ├── hosted-git-info@2.4.2
64 silly idealTree ├── http-browserify@1.3.2
64 silly idealTree ├── http-signature@1.1.1
64 silly idealTree ├── https-browserify@0.0.1
64 silly idealTree ├── ieee754@1.1.8
64 silly idealTree ├── indent-string@2.1.0
64 silly idealTree ├── indexof@0.0.1
64 silly idealTree ├── inflight@1.0.6
64 silly idealTree ├── inherits@2.0.3
64 silly idealTree ├── ini@1.3.4
64 silly idealTree ├─┬ inline-source-map@0.3.1
64 silly idealTree │ └── source-map@0.3.0
64 silly idealTree ├─┬ insert-module-globals@5.0.1
64 silly idealTree │ └── through@2.3.8
64 silly idealTree ├── interpret@0.3.10
64 silly idealTree ├── ipaddr.js@0.1.2
64 silly idealTree ├── ipv6@3.1.3
64 silly idealTree ├── is-absolute@0.2.6
64 silly idealTree ├── is-arrayish@0.2.1
64 silly idealTree ├── is-arrow-function@2.0.3
64 silly idealTree ├── is-boolean-object@1.0.0
64 silly idealTree ├── is-buffer@1.1.5
64 silly idealTree ├── is-builtin-module@1.0.0
64 silly idealTree ├── is-callable@1.1.3
64 silly idealTree ├── is-date-object@1.0.1
64 silly idealTree ├── is-dotfile@1.0.3
64 silly idealTree ├── is-equal-shallow@0.1.3
64 silly idealTree ├── is-equal@1.5.5
64 silly idealTree ├── is-extendable@0.1.1
64 silly idealTree ├── is-extglob@1.0.0
64 silly idealTree ├── is-finite@1.0.2
64 silly idealTree ├── is-fullwidth-code-point@1.0.0
64 silly idealTree ├── is-generator-function@1.0.6
64 silly idealTree ├── is-glob@2.0.1
64 silly idealTree ├─┬ is-my-json-valid@2.16.0
64 silly idealTree │ └── xtend@4.0.1
64 silly idealTree ├── is-number-object@1.0.3
64 silly idealTree ├── is-number@2.1.0
64 silly idealTree ├─┬ is-plain-object@2.0.3
64 silly idealTree │ └── isobject@3.0.0
64 silly idealTree ├── is-posix-bracket@0.1.1
64 silly idealTree ├── is-primitive@2.0.0
64 silly idealTree ├── is-property@1.0.2
64 silly idealTree ├── is-regex@1.0.4
64 silly idealTree ├── is-relative@0.2.1
64 silly idealTree ├── is-string@1.0.4
64 silly idealTree ├── is-symbol@1.0.1
64 silly idealTree ├── is-typedarray@1.0.0
64 silly idealTree ├── is-unc-path@0.1.2
64 silly idealTree ├── is-utf8@0.2.1
64 silly idealTree ├── is-windows@0.2.0
64 silly idealTree ├── isarray@0.0.1
64 silly idealTree ├── isexe@2.0.0
64 silly idealTree ├─┬ isobject@2.1.0
64 silly idealTree │ └── isarray@1.0.0
64 silly idealTree ├── isstream@0.1.2
64 silly idealTree ├─┬ istanbul@0.2.16
64 silly idealTree │ ├── abbrev@1.0.9
64 silly idealTree │ ├── async@0.9.2
64 silly idealTree │ ├─┬ escodegen@1.3.3
64 silly idealTree │ │ └── esprima@1.1.1
64 silly idealTree │ ├── esprima@1.2.5
64 silly idealTree │ ├── estraverse@1.5.1
64 silly idealTree │ ├── minimist@0.0.8
64 silly idealTree │ ├── mkdirp@0.5.1
64 silly idealTree │ ├── nopt@3.0.6
64 silly idealTree │ ├── resolve@0.7.4
64 silly idealTree │ ├── source-map@0.1.43
64 silly idealTree │ └── which@1.0.9
64 silly idealTree ├─┬ jade@0.26.3
64 silly idealTree │ ├── commander@0.6.1
64 silly idealTree │ └── mkdirp@0.3.0
64 silly idealTree ├─┬ js-yaml@3.6.1
64 silly idealTree │ └── esprima@2.7.3
64 silly idealTree ├── jsbn@0.1.1
64 silly idealTree ├── json-schema@0.2.3
64 silly idealTree ├── json-stringify-safe@5.0.1
64 silly idealTree ├── json3@3.3.2
64 silly idealTree ├── jsonparse@0.0.5
64 silly idealTree ├── jsonpointer@4.0.1
64 silly idealTree ├─┬ jsprim@1.4.0
64 silly idealTree │ └── assert-plus@1.0.0
64 silly idealTree ├── jsrsasign@0.0.3
64 silly idealTree ├── kind-of@3.2.2
64 silly idealTree ├── lcov-parse@0.0.10
64 silly idealTree ├── lexical-scope@1.1.1
64 silly idealTree ├─┬ liftoff@2.3.0
64 silly idealTree │ └── resolve@1.3.3
64 silly idealTree ├─┬ load-json-file@1.1.0
64 silly idealTree │ ├── graceful-fs@4.1.11
64 silly idealTree │ └── strip-bom@2.0.0
64 silly idealTree ├── lodash._baseassign@3.2.0
64 silly idealTree ├── lodash._basecopy@3.0.1
64 silly idealTree ├── lodash._basecreate@3.0.3
64 silly idealTree ├── lodash._basetostring@3.0.1
64 silly idealTree ├── lodash._basevalues@3.0.0
64 silly idealTree ├── lodash._escapehtmlchar@2.4.1
64 silly idealTree ├── lodash._escapestringchar@2.4.1
64 silly idealTree ├── lodash._getnative@3.9.1
64 silly idealTree ├── lodash._htmlescapes@2.4.1
64 silly idealTree ├── lodash._isiterateecall@3.0.9
64 silly idealTree ├── lodash._isnative@2.4.1
64 silly idealTree ├── lodash._objecttypes@2.4.1
64 silly idealTree ├── lodash._reescape@3.0.0
64 silly idealTree ├── lodash._reevaluate@3.0.0
64 silly idealTree ├── lodash._reinterpolate@3.0.0
64 silly idealTree ├─┬ lodash._reunescapedhtml@2.4.1
64 silly idealTree │ └── lodash.keys@2.4.1
64 silly idealTree ├── lodash._root@3.0.1
64 silly idealTree ├── lodash._shimkeys@2.4.1
64 silly idealTree ├── lodash.create@3.1.1
64 silly idealTree ├─┬ lodash.defaults@2.4.1
64 silly idealTree │ └── lodash.keys@2.4.1
64 silly idealTree ├── lodash.escape@3.2.0
64 silly idealTree ├── lodash.isarguments@3.1.0
64 silly idealTree ├── lodash.isarray@3.0.4
64 silly idealTree ├── lodash.isobject@2.4.1
64 silly idealTree ├── lodash.isplainobject@4.0.6
64 silly idealTree ├── lodash.isstring@4.0.1
64 silly idealTree ├── lodash.keys@3.1.2
64 silly idealTree ├── lodash.mapvalues@4.6.0
64 silly idealTree ├── lodash.restparam@3.6.1
64 silly idealTree ├── lodash.template@3.6.2
64 silly idealTree ├── lodash.templatesettings@3.1.1
64 silly idealTree ├─┬ lodash.values@2.4.1
64 silly idealTree │ └── lodash.keys@2.4.1
64 silly idealTree ├── lodash@2.4.2
64 silly idealTree ├── log-driver@1.2.5
64 silly idealTree ├── lolex@1.3.2
64 silly idealTree ├── long@1.2.3
64 silly idealTree ├── loud-rejection@1.6.0
64 silly idealTree ├── lru-cache@2.7.3
64 silly idealTree ├── map-cache@0.2.2
64 silly idealTree ├── map-obj@1.0.1
64 silly idealTree ├── map-stream@0.1.0
64 silly idealTree ├── marked@0.2.10
64 silly idealTree ├── media-typer@0.2.0
64 silly idealTree ├─┬ meow@3.7.0
64 silly idealTree │ ├── minimist@1.2.0
64 silly idealTree │ └── object-assign@4.1.1
64 silly idealTree ├── merge-descriptors@0.0.2
64 silly idealTree ├── methods@1.1.0
64 silly idealTree ├── micromatch@2.3.11
64 silly idealTree ├── mime-db@1.27.0
64 silly idealTree ├── mime-types@2.1.15
64 silly idealTree ├── mime@1.2.11
64 silly idealTree ├── minimalistic-assert@1.0.0
64 silly idealTree ├── minimatch@3.0.4
64 silly idealTree ├── minimist@0.0.10
64 silly idealTree ├── mkdirp@0.3.5
64 silly idealTree ├─┬ mocha@3.4.2
64 silly idealTree │ ├── commander@2.9.0
64 silly idealTree │ ├── debug@2.6.0
64 silly idealTree │ ├── diff@3.2.0
64 silly idealTree │ ├── glob@7.1.1
64 silly idealTree │ ├── growl@1.9.2
64 silly idealTree │ ├── minimist@0.0.8
64 silly idealTree │ ├── mkdirp@0.5.1
64 silly idealTree │ ├── ms@0.7.2
64 silly idealTree │ └── supports-color@3.1.2
64 silly idealTree ├─┬ module-deps@1.8.1
64 silly idealTree │ ├── parents@0.0.2
64 silly idealTree │ └── through@2.3.8
64 silly idealTree ├── ms@0.6.2
64 silly idealTree ├── multipipe@0.1.2
64 silly idealTree ├── nan@2.6.2
64 silly idealTree ├── natives@1.1.0
64 silly idealTree ├── negotiator@0.4.7
64 silly idealTree ├── network-byte-order@0.2.0
64 silly idealTree ├── node-abi@2.0.3
64 silly idealTree ├── noop-logger@0.1.1
64 silly idealTree ├── nopt@2.0.0
64 silly idealTree ├── noptify@0.0.3
64 silly idealTree ├── normalize-package-data@2.3.8
64 silly idealTree ├── normalize-path@2.1.1
64 silly idealTree ├── npmlog@4.1.0
64 silly idealTree ├── number-is-nan@1.0.1
64 silly idealTree ├── oauth-sign@0.8.2
64 silly idealTree ├── object-assign@3.0.0
64 silly idealTree ├── object-inspect@1.2.2
64 silly idealTree ├── object-keys@1.0.11
64 silly idealTree ├─┬ object.defaults@1.1.0
64 silly idealTree │ ├── for-own@1.0.0
64 silly idealTree │ └── isobject@3.0.0
64 silly idealTree ├── object.entries@1.0.4
64 silly idealTree ├── object.omit@2.0.1
64 silly idealTree ├── object.pick@1.2.0
64 silly idealTree ├── once@1.4.0
64 silly idealTree ├── optimist@0.6.1
64 silly idealTree ├── options@0.0.6
64 silly idealTree ├── optjs@3.2.2
64 silly idealTree ├── orchestrator@0.3.8
64 silly idealTree ├── ordered-read-streams@0.1.0
64 silly idealTree ├── os-browserify@0.1.2
64 silly idealTree ├── os-homedir@1.0.2
64 silly idealTree ├── pako@0.2.9
64 silly idealTree ├── parents@0.0.3
64 silly idealTree ├── parse-filepath@1.0.1
64 silly idealTree ├── parse-glob@3.0.4
64 silly idealTree ├── parse-json@2.2.0
64 silly idealTree ├── parse-passwd@1.0.0
64 silly idealTree ├── parseurl@1.1.3
64 silly idealTree ├── path-browserify@0.0.0
64 silly idealTree ├── path-exists@2.1.0
64 silly idealTree ├── path-is-absolute@1.0.1
64 silly idealTree ├── path-parse@1.0.5
64 silly idealTree ├── path-platform@0.0.1
64 silly idealTree ├── path-root-regex@0.1.2
64 silly idealTree ├── path-root@0.1.1
64 silly idealTree ├── path-to-regexp@0.1.3
64 silly idealTree ├─┬ path-type@1.1.0
64 silly idealTree │ └── graceful-fs@4.1.11
64 silly idealTree ├─┬ pause-stream@0.0.11
64 silly idealTree │ └── through@2.3.8
64 silly idealTree ├── pify@2.3.0
64 silly idealTree ├── pinkie-promise@2.0.1
64 silly idealTree ├── pinkie@2.0.4
64 silly idealTree ├── pkginfo@0.3.1
64 silly idealTree ├─┬ prebuild-install@2.1.2
64 silly idealTree │ ├── minimist@1.2.0
64 silly idealTree │ ├─┬ mkdirp@0.5.1
64 silly idealTree │ │ └── minimist@0.0.8
64 silly idealTree │ └── xtend@4.0.1
64 silly idealTree ├── preconditions@1.0.8
64 silly idealTree ├── preserve@0.2.0
64 silly idealTree ├── pretty-hrtime@0.2.2
64 silly idealTree ├── process-nextick-args@1.0.7
64 silly idealTree ├── process@0.6.0
64 silly idealTree ├── protobufjs@3.0.0
64 silly idealTree ├── proxy-addr@1.0.1
64 silly idealTree ├─┬ pump@1.0.2
64 silly idealTree │ └── end-of-stream@1.4.0
64 silly idealTree ├── punycode@1.2.4
64 silly idealTree ├── qs@6.3.2
64 silly idealTree ├── querystring-es3@0.2.0
64 silly idealTree ├── querystring@0.1.0
64 silly idealTree ├─┬ randomatic@1.1.7
64 silly idealTree │ ├─┬ is-number@3.0.0
64 silly idealTree │ │ └── kind-of@3.2.2
64 silly idealTree │ └── kind-of@4.0.0
64 silly idealTree ├── range-parser@1.0.0
64 silly idealTree ├─┬ rc@1.2.1
64 silly idealTree │ └── minimist@1.2.0
64 silly idealTree ├── read-pkg-up@1.0.1
64 silly idealTree ├── read-pkg@1.1.0
64 silly idealTree ├─┬ readable-stream@1.1.14
64 silly idealTree │ └── string_decoder@0.10.31
64 silly idealTree ├─┬ rechoir@0.6.2
64 silly idealTree │ └── resolve@1.3.3
64 silly idealTree ├── recursive-readdir@0.0.2
64 silly idealTree ├── redent@1.0.0
64 silly idealTree ├── regex-cache@0.4.3
64 silly idealTree ├── remove-trailing-separator@1.0.2
64 silly idealTree ├── repeat-element@1.1.2
64 silly idealTree ├── repeat-string@1.6.1
64 silly idealTree ├── repeating@2.0.1
64 silly idealTree ├── replace-ext@0.0.1
64 silly idealTree ├─┬ request@2.39.0
64 silly idealTree │ ├── asn1@0.1.11
64 silly idealTree │ ├── assert-plus@0.1.5
64 silly idealTree │ ├── async@0.9.2
64 silly idealTree │ ├── aws-sign2@0.5.0
64 silly idealTree │ ├── boom@0.4.2
64 silly idealTree │ ├── combined-stream@0.0.7
64 silly idealTree │ ├── cryptiles@0.2.2
64 silly idealTree │ ├── delayed-stream@0.0.5
64 silly idealTree │ ├── forever-agent@0.5.2
64 silly idealTree │ ├── form-data@0.1.4
64 silly idealTree │ ├── hawk@1.1.1
64 silly idealTree │ ├── hoek@0.9.1
64 silly idealTree │ ├── http-signature@0.10.1
64 silly idealTree │ ├── mime-types@1.0.2
64 silly idealTree │ ├── node-uuid@1.4.8
64 silly idealTree │ ├── oauth-sign@0.3.0
64 silly idealTree │ ├── qs@0.6.6
64 silly idealTree │ └── sntp@0.2.4
64 silly idealTree ├── resolve-dir@0.1.1
64 silly idealTree ├── resolve@0.6.3
64 silly idealTree ├─┬ rfile@1.0.0
64 silly idealTree │ └── resolve@0.3.1
64 silly idealTree ├─┬ ruglify@1.0.0
64 silly idealTree │ ├── optimist@0.3.7
64 silly idealTree │ ├── source-map@0.1.43
64 silly idealTree │ └── uglify-js@2.2.5
64 silly idealTree ├── safe-buffer@5.1.1
64 silly idealTree ├── samsam@1.1.2
64 silly idealTree ├── semver@4.3.6
64 silly idealTree ├── send@0.6.0
64 silly idealTree ├── sequencify@0.0.7
64 silly idealTree ├── serve-static@1.3.2
64 silly idealTree ├── set-blocking@2.0.0
64 silly idealTree ├── shallow-copy@0.0.1
64 silly idealTree ├── shell-quote@0.0.1
64 silly idealTree ├── sigmund@1.0.1
64 silly idealTree ├── signal-exit@3.0.2
64 silly idealTree ├─┬ simple-get@1.4.3
64 silly idealTree │ └── xtend@4.0.1
64 silly idealTree ├── sinon@1.17.7
64 silly idealTree ├── sjcl@1.0.1
64 silly idealTree ├── sntp@1.0.9
64 silly idealTree ├── socks5-client@0.3.6
64 silly idealTree ├── source-map@0.5.6
64 silly idealTree ├── sparkles@1.0.0
64 silly idealTree ├── spdx-correct@1.0.2
64 silly idealTree ├── spdx-expression-parse@1.0.4
64 silly idealTree ├── spdx-license-ids@1.2.2
64 silly idealTree ├── split@0.2.10
64 silly idealTree ├── sprintf-js@1.0.3
64 silly idealTree ├── sprintf@0.1.5
64 silly idealTree ├─┬ sshpk@1.13.1
64 silly idealTree │ └── assert-plus@1.0.0
64 silly idealTree ├── stack-trace@0.0.10
64 silly idealTree ├─┬ stream-browserify@0.1.3
64 silly idealTree │ └── process@0.5.2
64 silly idealTree ├── stream-combiner@0.0.4
64 silly idealTree ├── stream-consume@0.1.0
64 silly idealTree ├── string-width@1.0.2
64 silly idealTree ├── string_decoder@0.0.1
64 silly idealTree ├── stringstream@0.0.5
64 silly idealTree ├── strip-ansi@3.0.1
64 silly idealTree ├── strip-bom@1.0.0
64 silly idealTree ├── strip-indent@1.0.1
64 silly idealTree ├── strip-json-comments@2.0.1
64 silly idealTree ├── subarg@0.0.1
64 silly idealTree ├── supports-color@2.0.0
64 silly idealTree ├─┬ syntax-error@1.1.6
64 silly idealTree │ └── acorn@2.7.0
64 silly idealTree ├─┬ tar-fs@1.15.3
64 silly idealTree │ ├── minimist@0.0.8
64 silly idealTree │ └── mkdirp@0.5.1
64 silly idealTree ├─┬ tar-stream@1.5.4
64 silly idealTree │ ├── end-of-stream@1.4.0
64 silly idealTree │ ├── isarray@1.0.0
64 silly idealTree │ ├── readable-stream@2.3.2
64 silly idealTree │ ├── string_decoder@1.0.3
64 silly idealTree │ └── xtend@4.0.1
64 silly idealTree ├─┬ through2@0.4.2
64 silly idealTree │ ├── readable-stream@1.0.34
64 silly idealTree │ └── string_decoder@0.10.31
64 silly idealTree ├── through@2.2.7
64 silly idealTree ├── tildify@1.2.0
64 silly idealTree ├── time-stamp@1.1.0
64 silly idealTree ├─┬ timers-browserify@1.0.3
64 silly idealTree │ └── process@0.5.2
64 silly idealTree ├─┬ tiny-lr@0.0.4
64 silly idealTree │ ├── debug@0.7.4
64 silly idealTree │ └── qs@0.5.6
64 silly idealTree ├── tmatch@2.0.1
64 silly idealTree ├─┬ tough-cookie@2.3.2
64 silly idealTree │ └── punycode@1.4.1
64 silly idealTree ├── traverse@0.3.9
64 silly idealTree ├── trim-newlines@1.0.0
64 silly idealTree ├── tty-browserify@0.0.0
64 silly idealTree ├── tunnel-agent@0.4.3
64 silly idealTree ├── tweetnacl@0.14.5
64 silly idealTree ├── type-detect@0.1.1
64 silly idealTree ├─┬ type-is@1.3.2
64 silly idealTree │ └── mime-types@1.0.2
64 silly idealTree ├── typedarray@0.0.6
64 silly idealTree ├─┬ uglify-js@2.4.24
64 silly idealTree │ └── source-map@0.1.34
64 silly idealTree ├── uglify-to-browserify@1.0.2
64 silly idealTree ├─┬ uglifyify@1.2.3
64 silly idealTree │ ├── convert-source-map@0.2.6
64 silly idealTree │ └── through@2.3.8
64 silly idealTree ├── ultron@1.0.2
64 silly idealTree ├─┬ umd@2.0.0
64 silly idealTree │ └── through@2.3.8
64 silly idealTree ├── unc-path-regex@0.1.2
64 silly idealTree ├── unique-stream@1.0.0
64 silly idealTree ├── unzip-response@1.0.2
64 silly idealTree ├─┬ url@0.7.9
64 silly idealTree │ └── punycode@1.0.0
64 silly idealTree ├── user-home@1.1.1
64 silly idealTree ├── util-deprecate@1.0.2
64 silly idealTree ├─┬ util@0.10.3
64 silly idealTree │ └── inherits@2.0.1
64 silly idealTree ├── utils-merge@1.0.0
64 silly idealTree ├── uuid@3.1.0
64 silly idealTree ├── v8flags@2.1.1
64 silly idealTree ├── validate-npm-package-license@3.0.1
64 silly idealTree ├── vary@0.1.0
64 silly idealTree ├── verror@1.3.6
64 silly idealTree ├─┬ vinyl-fs@0.3.14
64 silly idealTree │ ├── clone@0.2.0
64 silly idealTree │ ├── graceful-fs@3.0.11
64 silly idealTree │ ├── minimist@0.0.8
64 silly idealTree │ ├── mkdirp@0.5.1
64 silly idealTree │ ├── readable-stream@1.0.34
64 silly idealTree │ ├── string_decoder@0.10.31
64 silly idealTree │ ├── through2@0.6.5
64 silly idealTree │ ├── vinyl@0.4.6
64 silly idealTree │ └── xtend@4.0.1
64 silly idealTree ├── vinyl@0.5.3
64 silly idealTree ├── vm-browserify@0.0.4
64 silly idealTree ├─┬ watchify@0.6.4
64 silly idealTree │ ├── optimist@0.5.2
64 silly idealTree │ └── through@2.3.8
64 silly idealTree ├── which@1.2.14
64 silly idealTree ├── wide-align@1.1.2
64 silly idealTree ├── window-size@0.1.0
64 silly idealTree ├─┬ winston@0.8.3
64 silly idealTree │ └── colors@0.6.2
64 silly idealTree ├── wordwrap@0.0.3
64 silly idealTree ├── wrappy@1.0.2
64 silly idealTree ├── ws@1.1.4
64 silly idealTree ├─┬ xtend@2.1.2
64 silly idealTree │ └── object-keys@0.4.0
64 silly idealTree └─┬ yargs@3.5.4
64 silly idealTree   └── wordwrap@0.0.2
65 silly generateActionsToTake Starting
66 silly install generateActionsToTake
67 silly generateActionsToTake Finishing
68 silly diffTrees action count 0
69 silly decomposeActions action count 0
70 silly executeActions Starting
71 silly install executeActions
72 silly doSerial global-install 0
73 silly doParallel fetch 0
74 verbose correctMkdir /home/user/.npm/_locks correctMkdir not in flight; initializing
75 verbose lock using /home/user/.npm/_locks/staging-aca95b252eb98e24.lock for /home/user/git/src/github.com/decred/bitcore/node_modules/.staging
76 silly doParallel extract 0
77 silly doParallel preinstall 0
78 silly doReverseSerial remove 0
79 silly doSerial move 0
80 silly doSerial finalize 0
81 silly doSerial build 0
82 silly doSerial global-link 0
83 silly doParallel update-linked 0
84 silly doSerial install 0
85 silly doSerial postinstall 0
86 verbose unlock done using /home/user/.npm/_locks/staging-aca95b252eb98e24.lock for /home/user/git/src/github.com/decred/bitcore/node_modules/.staging
87 silly executeActions Finishing
88 silly rollbackFailedOptional Starting
89 silly rollbackFailedOptional Finishing
90 silly runTopLevelLifecycles Starting
91 silly install runTopLevelLifecycles
92 silly preinstall bitcore@0.1.41 /home/user/git/src/github.com/decred/bitcore/bitcore-368cb5e4
93 info lifecycle bitcore@0.1.41~preinstall: bitcore@0.1.41
94 silly lifecycle bitcore@0.1.41~preinstall: no script for preinstall, continuing
95 silly build bitcore@0.1.41
96 info linkStuff bitcore@0.1.41
97 silly linkStuff bitcore@0.1.41 has /home/user/git/src/github.com/decred as its parent node_modules
98 verbose linkBins bitcore@0.1.41
99 verbose linkMans bitcore@0.1.41
100 silly install bitcore@0.1.41 /home/user/git/src/github.com/decred/bitcore/bitcore-368cb5e4
101 info lifecycle bitcore@0.1.41~install: bitcore@0.1.41
102 verbose lifecycle bitcore@0.1.41~install: unsafe-perm in lifecycle true
103 verbose lifecycle bitcore@0.1.41~install: PATH: /home/user/.nvm/v0.10.40/lib/node_modules/npm/bin/node-gyp-bin:/home/user/git/src/github.com/decred/bitcore/node_modules/.bin:/home/user/.nvm/v0.10.40/bin:/usr/local/bin:/usr/bin:/bin:/usr/local/games:/usr/games:/home/user/.local/bin:/home/user/bin:/usr/local/go/bin:/home/user/git/bin
104 verbose lifecycle bitcore@0.1.41~install: CWD: /home/user/git/src/github.com/decred/bitcore
105 silly lifecycle bitcore@0.1.41~install: Args: [ '-c', 'node-gyp rebuild' ]
106 silly lifecycle bitcore@0.1.41~install: Returned: code: 0  signal: null
107 silly postinstall bitcore@0.1.41 /home/user/git/src/github.com/decred/bitcore/bitcore-368cb5e4
108 info lifecycle bitcore@0.1.41~postinstall: bitcore@0.1.41
109 silly lifecycle bitcore@0.1.41~postinstall: no script for postinstall, continuing
110 silly prepublish bitcore@0.1.41 /home/user/git/src/github.com/decred/bitcore/bitcore-368cb5e4
111 info lifecycle bitcore@0.1.41~prepublish: bitcore@0.1.41
112 verbose lifecycle bitcore@0.1.41~prepublish: unsafe-perm in lifecycle true
113 verbose lifecycle bitcore@0.1.41~prepublish: PATH: /home/user/.nvm/v0.10.40/lib/node_modules/npm/bin/node-gyp-bin:/home/user/git/src/github.com/decred/bitcore/node_modules/.bin:/home/user/.nvm/v0.10.40/bin:/usr/local/bin:/usr/bin:/bin:/usr/local/games:/usr/games:/home/user/.local/bin:/home/user/bin:/usr/local/go/bin:/home/user/git/bin
114 verbose lifecycle bitcore@0.1.41~prepublish: CWD: /home/user/git/src/github.com/decred/bitcore
115 silly lifecycle bitcore@0.1.41~prepublish: Args: [ '-c', 'node browser/build.js -a' ]
116 silly lifecycle bitcore@0.1.41~prepublish: Returned: code: 8  signal: null
117 info lifecycle bitcore@0.1.41~prepublish: Failed to exec prepublish script
118 warn optional Skipping failed optional dependency /chokidar/fsevents:
119 warn notsup Not compatible with your operating system or architecture: fsevents@0.2.1
120 warn grunt-browserify@2.0.8 requires a peer of grunt@~0.4.0 but none was installed.
121 warn grunt-contrib-watch@0.5.3 requires a peer of grunt@~0.4.0 but none was installed.
122 warn grunt-shell@0.6.4 requires a peer of grunt@~0.4.0 but none was installed.
123 verbose stack Error: bitcore@0.1.41 prepublish: `node browser/build.js -a`
123 verbose stack Exit status 8
123 verbose stack     at EventEmitter.<anonymous> (/home/user/.nvm/v0.10.40/lib/node_modules/npm/lib/utils/lifecycle.js:255:16)
123 verbose stack     at EventEmitter.emit (events.js:98:17)
123 verbose stack     at ChildProcess.<anonymous> (/home/user/.nvm/v0.10.40/lib/node_modules/npm/lib/utils/spawn.js:40:14)
123 verbose stack     at ChildProcess.emit (events.js:98:17)
123 verbose stack     at maybeClose (child_process.js:766:16)
123 verbose stack     at Process.ChildProcess._handle.onexit (child_process.js:833:5)
124 verbose pkgid bitcore@0.1.41
125 verbose cwd /home/user/git/src/github.com/decred/bitcore
126 error Linux 4.4.67-12.pvops.qubes.x86_64
127 error argv "node" "/home/user/.nvm/v0.10.40/bin/npm" "i"
128 error node v0.10.40
129 error npm  v3.10.6
130 error code ELIFECYCLE
131 error bitcore@0.1.41 prepublish: `node browser/build.js -a`
131 error Exit status 8
132 error Failed at the bitcore@0.1.41 prepublish script 'node browser/build.js -a'.
132 error Make sure you have the latest version of node.js and npm installed.
132 error If you do, this is most likely a problem with the bitcore package,
132 error not with npm itself.
132 error Tell the author that this fails on your system:
132 error     node browser/build.js -a
132 error You can get information on how to open an issue for this project with:
132 error     npm bugs bitcore
132 error Or if that isn't available, you can get their info via:
132 error     npm owner ls bitcore
132 error There is likely additional logging output above.
133 verbose exit [ 1, true ]
